<?xml version="1.0" encoding="UTF-8"?>
<!-- Generated by org.testng.reporters.JUnitReportReporter -->
<testsuite hostname="dsk015.vjil.com" name="com.iosmobileapp.ashford.tests.AT002_ValidateHomePage" tests="1" failures="1" timestamp="28 Oct 2015 13:49:12 GMT" time="76.089" errors="0">
  <testcase name="test" time="76.089" classname="com.iosmobileapp.ashford.tests.AT002_ValidateHomePage">
    <failure type="org.openqa.selenium.WebDriverException" message="An unknown server-side error occurred while processing the command. (Original error: connect ECONNREFUSED) (WARNING: The server did not provide any stacktrace information)
Command duration or timeout: 19 milliseconds
Build info: version: &#039;2.47.1&#039;, revision: &#039;411b314&#039;, time: &#039;2015-07-30 03:03:16&#039;
System info: host: &#039;dsk015.vjil.com&#039;, ip: &#039;172.27.2.31&#039;, os.name: &#039;Mac OS X&#039;, os.arch: &#039;x86_64&#039;, os.version: &#039;10.10.5&#039;, java.version: &#039;1.7.0_79&#039;
Session ID: 3f4ed93d-ae5f-47ca-8b53-9fe66758774f
Driver info: io.appium.java_client.ios.IOSDriver
Capabilities [{platform=MAC, app=/Users/MacBox/Desktop/TalonSFTPFiles/20151021/Automated Regression Testing/Ashford-iPhone 2015-10-20 Development/Ashford-iPhone.ipa, javascriptEnabled=true, browserName=iOS, networkConnectionEnabled=false, udid=652ed4defd899eab58ac595e41e09b9157195c0f, desired={platformVersion=null, app=/Users/MacBox/Desktop/TalonSFTPFiles/20151021/Automated Regression Testing/Ashford-iPhone 2015-10-20 Development/Ashford-iPhone.ipa, bundleid=com.bridgepointeducation.ashfordmobile, deviceName=VJIL iPhone6, platformName=iOS, udid=652ed4defd899eab58ac595e41e09b9157195c0f}, locationContextEnabled=false, platformVersion=null, bundleid=com.bridgepointeducation.ashfordmobile, databaseEnabled=false, platformName=iOS, deviceName=VJIL iPhone6, webStorageEnabled=false, warnings={}, takesScreenshot=true}]">
      <![CDATA[org.openqa.selenium.WebDriverException: An unknown server-side error occurred while processing the command. (Original error: connect ECONNREFUSED) (WARNING: The server did not provide any stacktrace information)
Command duration or timeout: 19 milliseconds
Build info: version: '2.47.1', revision: '411b314', time: '2015-07-30 03:03:16'
System info: host: 'dsk015.vjil.com', ip: '172.27.2.31', os.name: 'Mac OS X', os.arch: 'x86_64', os.version: '10.10.5', java.version: '1.7.0_79'
Session ID: 3f4ed93d-ae5f-47ca-8b53-9fe66758774f
Driver info: io.appium.java_client.ios.IOSDriver
Capabilities [{platform=MAC, app=/Users/MacBox/Desktop/TalonSFTPFiles/20151021/Automated Regression Testing/Ashford-iPhone 2015-10-20 Development/Ashford-iPhone.ipa, javascriptEnabled=true, browserName=iOS, networkConnectionEnabled=false, udid=652ed4defd899eab58ac595e41e09b9157195c0f, desired={platformVersion=null, app=/Users/MacBox/Desktop/TalonSFTPFiles/20151021/Automated Regression Testing/Ashford-iPhone 2015-10-20 Development/Ashford-iPhone.ipa, bundleid=com.bridgepointeducation.ashfordmobile, deviceName=VJIL iPhone6, platformName=iOS, udid=652ed4defd899eab58ac595e41e09b9157195c0f}, locationContextEnabled=false, platformVersion=null, bundleid=com.bridgepointeducation.ashfordmobile, databaseEnabled=false, platformName=iOS, deviceName=VJIL iPhone6, webStorageEnabled=false, warnings={}, takesScreenshot=true}]
	at sun.reflect.NativeConstructorAccessorImpl.newInstance0(Native Method)
	at sun.reflect.NativeConstructorAccessorImpl.newInstance(NativeConstructorAccessorImpl.java:57)
	at sun.reflect.DelegatingConstructorAccessorImpl.newInstance(DelegatingConstructorAccessorImpl.java:45)
	at java.lang.reflect.Constructor.newInstance(Constructor.java:526)
	at org.openqa.selenium.remote.ErrorHandler.createThrowable(ErrorHandler.java:206)
	at org.openqa.selenium.remote.ErrorHandler.throwIfResponseFailed(ErrorHandler.java:158)
	at org.openqa.selenium.remote.RemoteWebDriver.execute(RemoteWebDriver.java:595)
	at io.appium.java_client.DefaultGenericMobileDriver.execute(DefaultGenericMobileDriver.java:42)
	at io.appium.java_client.AppiumDriver.execute(AppiumDriver.java:189)
	at io.appium.java_client.AppiumDriver.getContextHandles(AppiumDriver.java:535)
	at com.iosmobileapp.ashford.utilities.CommonMethods.switchWindow(CommonMethods.java:76)
	at com.iosmobileapp.ashford.tests.AT002_ValidateHomePage.test(AT002_ValidateHomePage.java:65)
	at sun.reflect.NativeMethodAccessorImpl.invoke0(Native Method)
	at sun.reflect.NativeMethodAccessorImpl.invoke(NativeMethodAccessorImpl.java:57)
	at sun.reflect.DelegatingMethodAccessorImpl.invoke(DelegatingMethodAccessorImpl.java:43)
	at java.lang.reflect.Method.invoke(Method.java:606)
	at org.testng.internal.MethodInvocationHelper.invokeMethod(MethodInvocationHelper.java:84)
	at org.testng.internal.Invoker.invokeMethod(Invoker.java:714)
	at org.testng.internal.Invoker.invokeTestMethod(Invoker.java:901)
	at org.testng.internal.Invoker.invokeTestMethods(Invoker.java:1231)
	at org.testng.internal.TestMethodWorker.invokeTestMethods(TestMethodWorker.java:127)
	at org.testng.internal.TestMethodWorker.run(TestMethodWorker.java:111)
	at org.testng.TestRunner.privateRun(TestRunner.java:767)
	at org.testng.TestRunner.run(TestRunner.java:617)
	at org.testng.SuiteRunner.runTest(SuiteRunner.java:334)
	at org.testng.SuiteRunner.runSequentially(SuiteRunner.java:329)
	at org.testng.SuiteRunner.privateRun(SuiteRunner.java:291)
	at org.testng.SuiteRunner.run(SuiteRunner.java:240)
	at org.testng.SuiteRunnerWorker.runSuite(SuiteRunnerWorker.java:52)
	at org.testng.SuiteRunnerWorker.run(SuiteRunnerWorker.java:86)
	at org.testng.TestNG.runSuitesSequentially(TestNG.java:1224)
	at org.testng.TestNG.runSuitesLocally(TestNG.java:1149)
	at org.testng.TestNG.run(TestNG.java:1057)
	at org.testng.remote.RemoteTestNG.run(RemoteTestNG.java:111)
	at org.testng.remote.RemoteTestNG.initAndRun(RemoteTestNG.java:204)
	at org.testng.remote.RemoteTestNG.main(RemoteTestNG.java:175)
]]>
    </failure>
  </testcase> <!-- test -->
</testsuite> <!-- com.iosmobileapp.ashford.tests.AT002_ValidateHomePage -->
